2025-03-28 17:13:27.352957 - Received CBT.V508.FILE036.PDS from FILE036.XMI 
2025-03-28 17:13:27.354745 - Found $$$#DATE.txt (text/plain) in CBT.V508.FILE036.PDS, moved to PDS/$$$#DATE
2025-03-28 17:13:27.356268 - Found $$$TITLE.txt (text/plain) in CBT.V508.FILE036.PDS, moved to PDS/$$$TITLE
2025-03-28 17:13:27.357396 - Found $$DOC.txt (text/plain) in CBT.V508.FILE036.PDS, moved to PDS/$$DOC
2025-03-28 17:13:27.359142 - Found $CREAMED.txt (text/plain) in CBT.V508.FILE036.PDS, moved to PDS/$CREAMED
2025-03-28 17:13:27.360236 - Found $INSTALL.txt (text/plain) in CBT.V508.FILE036.PDS, moved to PDS/$INSTALL
2025-03-28 17:13:27.360890 - Found @FILE036.txt (text/plain) in CBT.V508.FILE036.PDS, moved to PDS/@FILE036
2025-03-28 17:13:27.361464 - Found ASMLINK.jcl (text/plain) in CBT.V508.FILE036.PDS, moved to PDS/ASMLINK
2025-03-28 17:13:27.362020 - Found ASMLINKS.jcl (text/plain) in CBT.V508.FILE036.PDS, moved to PDS/ASMLINKS
2025-03-28 17:13:27.362460 - Found CSPFPDS.txt (text/plain) in CBT.V508.FILE036.PDS, moved to PDS/CSPFPDS
2025-03-28 17:13:27.363129 - Found CVTCLISO.txt (text/plain) in CBT.V508.FILE036.PDS, moved to PDS/CVTCLISO
2025-03-28 17:13:27.363823 - Found CVTCLIST.txt (text/plain) in CBT.V508.FILE036.PDS, moved to PDS/CVTCLIST
2025-03-28 17:13:27.364503 - Found ENTER.txt (text/plain) in CBT.V508.FILE036.PDS, moved to PDS/ENTER
2025-03-28 17:13:27.364871 - Found ENTERROR.txt (text/plain) in CBT.V508.FILE036.PDS, moved to PDS/ENTERROR
2025-03-28 17:13:27.365407 - Found ENTER1.txt (text/plain) in CBT.V508.FILE036.PDS, moved to PDS/ENTER1
2025-03-28 17:13:27.365812 - Found ENTRRR.txt (text/plain) in CBT.V508.FILE036.PDS, moved to PDS/ENTRRR
2025-03-28 17:13:27.366279 - Found EOFELEM.txt (text/plain) in CBT.V508.FILE036.PDS, moved to PDS/EOFELEM
2025-03-28 17:13:27.366826 - Found EQREG.txt (text/plain) in CBT.V508.FILE036.PDS, moved to PDS/EQREG
2025-03-28 17:13:27.367497 - Found EQUATES.txt (text/plain) in CBT.V508.FILE036.PDS, moved to PDS/EQUATES
2025-03-28 17:13:27.368055 - Found EQUREG.txt (text/plain) in CBT.V508.FILE036.PDS, moved to PDS/EQUREG
2025-03-28 17:13:27.368418 - Found EXIT.txt (text/plain) in CBT.V508.FILE036.PDS, moved to PDS/EXIT
2025-03-28 17:13:27.368767 - Found FIXMENU.txt (text/plain) in CBT.V508.FILE036.PDS, moved to PDS/FIXMENU
2025-03-28 17:13:27.369253 - Found FPDSP0.txt (text/plain) in CBT.V508.FILE036.PDS, moved to PDS/FPDSP0
2025-03-28 17:13:27.369602 - Found FPDSP1.txt (text/plain) in CBT.V508.FILE036.PDS, moved to PDS/FPDSP1
2025-03-28 17:13:27.369956 - Found FPDS00.txt (text/plain) in CBT.V508.FILE036.PDS, moved to PDS/FPDS00
2025-03-28 17:13:27.370323 - Found GENAME.txt (text/plain) in CBT.V508.FILE036.PDS, moved to PDS/GENAME
2025-03-28 17:13:27.370689 - Found MULTBASE.txt (text/plain) in CBT.V508.FILE036.PDS, moved to PDS/MULTBASE
2025-03-28 17:13:27.371251 - Found RBWENTER.txt (text/plain) in CBT.V508.FILE036.PDS, moved to PDS/RBWENTER
2025-03-28 17:13:27.371591 - Found REGISTER.txt (text/plain) in CBT.V508.FILE036.PDS, moved to PDS/REGISTER
2025-03-28 17:13:27.371941 - Found REMEMBER.txt (text/plain) in CBT.V508.FILE036.PDS, moved to PDS/REMEMBER
2025-03-28 17:13:27.372273 - Found RRW@PRIM.txt (text/plain) in CBT.V508.FILE036.PDS, moved to PDS/RRW@PRIM
2025-03-28 17:13:27.372587 - Found SETPCB.txt (text/plain) in CBT.V508.FILE036.PDS, moved to PDS/SETPCB
2025-03-28 17:13:27.373033 - Found SPFCNTL.txt (text/plain) in CBT.V508.FILE036.PDS, moved to PDS/SPFCNTL
2025-03-28 17:13:27.373492 - Found SPFCODE.txt (text/plain) in CBT.V508.FILE036.PDS, moved to PDS/SPFCODE
2025-03-28 17:13:27.373866 - Found SPFCORE.txt (text/plain) in CBT.V508.FILE036.PDS, moved to PDS/SPFCORE
2025-03-28 17:13:27.374248 - Found SPFDSCT.txt (text/plain) in CBT.V508.FILE036.PDS, moved to PDS/SPFDSCT
2025-03-28 17:13:27.374632 - Found SPFFIX.txt (text/plain) in CBT.V508.FILE036.PDS, moved to PDS/SPFFIX
2025-03-28 17:13:27.375170 - Found SPFMAIN.txt (text/plain) in CBT.V508.FILE036.PDS, moved to PDS/SPFMAIN
2025-03-28 17:13:27.375536 - Found SPFSCAN.txt (text/plain) in CBT.V508.FILE036.PDS, moved to PDS/SPFSCAN
2025-03-28 17:13:27.376008 - Found SPFSRCH.txt (text/plain) in CBT.V508.FILE036.PDS, moved to PDS/SPFSRCH
2025-03-28 17:13:27.376305 - Found TERME.txt (text/plain) in CBT.V508.FILE036.PDS, moved to PDS/TERME
